# JRE version: Java(TM) SE Runtime Environment (8.0_221-b11) (build 1.8.0_221-b11)
# Java VM: Java HotSpot(TM) 64-Bit Server VM (25.221-b11 mixed mode bsd-amd64 compressed oops)
Heap:
 par new generation   total 235968K, used 84062K [0x0000000700000000, 0x0000000710000000, 0x0000000760000000)
  eden space 209792K,  34% used [0x0000000700000000, 0x000000070463dc30, 0x000000070cce0000)
  from space 26176K,  46% used [0x000000070cce0000, 0x000000070d8b9ca0, 0x000000070e670000)
  to   space 26176K,   0% used [0x000000070e670000, 0x000000070e670000, 0x0000000710000000)
 concurrent mark-sweep generation total 262144K, used 8150K [0x0000000760000000, 0x0000000770000000, 0x00000007c0000000)
 Metaspace       used 32109K, capacity 33609K, committed 33792K, reserved 1079296K
  class space    used 4066K, capacity 4329K, committed 4352K, reserved 1048576K
GC Heap History (4 events):
Event: 1.988 GC heap before
{Heap before GC invocations=0 (full 0):
 par new generation   total 235968K, used 209792K [0x0000000700000000, 0x0000000710000000, 0x0000000760000000)
  eden space 209792K, 100% used [0x0000000700000000, 0x000000070cce0000, 0x000000070cce0000)
  from space 26176K,   0% used [0x000000070cce0000, 0x000000070cce0000, 0x000000070e670000)
  to   space 26176K,   0% used [0x000000070e670000, 0x000000070e670000, 0x0000000710000000)
 concurrent mark-sweep generation total 262144K, used 0K [0x0000000760000000, 0x0000000770000000, 0x00000007c0000000)
 Metaspace       used 20911K, capacity 21358K, committed 21552K, reserved 1069056K
  class space    used 2554K, capacity 2681K, committed 2688K, reserved 1048576K
Event: 2.000 GC heap after
Heap after GC invocations=1 (full 0):
 par new generation   total 235968K, used 17827K [0x0000000700000000, 0x0000000710000000, 0x0000000760000000)
  eden space 209792K,   0% used [0x0000000700000000, 0x0000000700000000, 0x000000070cce0000)
  from space 26176K,  68% used [0x000000070e670000, 0x000000070f7d8d40, 0x0000000710000000)
  to   space 26176K,   0% used [0x000000070cce0000, 0x000000070cce0000, 0x000000070e670000)
 concurrent mark-sweep generation total 262144K, used 0K [0x0000000760000000, 0x0000000770000000, 0x00000007c0000000)
 Metaspace       used 20911K, capacity 21358K, committed 21552K, reserved 1069056K
  class space    used 2554K, capacity 2681K, committed 2688K, reserved 1048576K
}
Event: 7.106 GC heap before
{Heap before GC invocations=1 (full 1):
 par new generation   total 235968K, used 99181K [0x0000000700000000, 0x0000000710000000, 0x0000000760000000)
  eden space 209792K,  38% used [0x0000000700000000, 0x0000000704f728d0, 0x000000070cce0000)
  from space 26176K,  68% used [0x000000070e670000, 0x000000070f7d8d40, 0x0000000710000000)
  to   space 26176K,   0% used [0x000000070cce0000, 0x000000070cce0000, 0x000000070e670000)
 concurrent mark-sweep generation total 262144K, used 0K [0x0000000760000000, 0x0000000770000000, 0x00000007c0000000)
 Metaspace       used 29019K, capacity 30391K, committed 30592K, reserved 1075200K
  class space    used 3583K, capacity 3860K, committed 3968K, reserved 1048576K
Event: 7.135 GC heap after
Heap after GC invocations=2 (full 1):
 par new generation   total 235968K, used 12135K [0x0000000700000000, 0x0000000710000000, 0x0000000760000000)
  eden space 209792K,   0% used [0x0000000700000000, 0x0000000700000000, 0x000000070cce0000)
  from space 26176K,  46% used [0x000000070cce0000, 0x000000070d8b9ca0, 0x000000070e670000)
  to   space 26176K,   0% used [0x000000070e670000, 0x000000070e670000, 0x0000000710000000)
 concurrent mark-sweep generation total 262144K, used 8150K [0x0000000760000000, 0x0000000770000000, 0x00000007c0000000)
 Metaspace       used 29019K, capacity 30391K, committed 30592K, reserved 1075200K
  class space    used 3583K, capacity 3860K, committed 3968K, reserved 1048576K
}

